<?xml version="1.0" encoding="UTF-8"?>
<!-- Generated by org.testng.reporters.JUnitXMLReporter -->
<testsuite ignored="13" hostname="Hameed" failures="0" tests="1" name="Default test" time="103.327" errors="0" timestamp="2024-06-12T22:04:50 IST">
  <testcase classname="test.TestExecution" name="validateE2EBookingOneWay" time="93.309"/>
  <testcase classname="test.TestExecution" name="validateSignInFunctionUsingPhNoWithValidCredentials" time="0.0">
    <ignored/>
  </testcase> <!-- validateSignInFunctionUsingPhNoWithValidCredentials -->
  <testcase classname="test.TestExecution" name="validateSignInFunctionUsingEmailWithValidCredentials" time="0.0">
    <ignored/>
  </testcase> <!-- validateSignInFunctionUsingEmailWithValidCredentials -->
  <testcase classname="test.TestExecution" name="validateSignInFunctionUsingEmailWithInValidCredentials" time="0.0">
    <ignored/>
  </testcase> <!-- validateSignInFunctionUsingEmailWithInValidCredentials -->
  <testcase classname="test.TestExecution" name="validateChooseFlight" time="0.0">
    <ignored/>
  </testcase> <!-- validateChooseFlight -->
  <testcase classname="test.TestExecution" name="validateSignInFunctionUsingPhNo" time="0.0">
    <ignored/>
  </testcase> <!-- validateSignInFunctionUsingPhNo -->
  <testcase classname="test.TestExecution" name="validateSignInFunctionUsingEmail" time="0.0">
    <ignored/>
  </testcase> <!-- validateSignInFunctionUsingEmail -->
  <testcase classname="test.TestExecution" name="validateSignUpFunction2" time="0.0">
    <ignored/>
  </testcase> <!-- validateSignUpFunction2 -->
  <testcase classname="test.TestExecution" name="validateSearchFlightforRoundTrip" time="0.0">
    <ignored/>
  </testcase> <!-- validateSearchFlightforRoundTrip -->
  <testcase classname="test.TestExecution" name="validateFieldsAvailability" time="0.0">
    <ignored/>
  </testcase> <!-- validateFieldsAvailability -->
  <testcase classname="test.TestExecution" name="validateE2EBookingRoundTrip" time="0.0">
    <ignored/>
  </testcase> <!-- validateE2EBookingRoundTrip -->
  <testcase classname="test.TestExecution" name="validateSignUpFunction" time="0.0">
    <ignored/>
  </testcase> <!-- validateSignUpFunction -->
  <testcase classname="test.TestExecution" name="validateSignInFunctionUsingPhNoWithInValidCredentials" time="0.0">
    <ignored/>
  </testcase> <!-- validateSignInFunctionUsingPhNoWithInValidCredentials -->
  <testcase classname="test.TestExecution" name="validateSearchFlightforOnewayTrip" time="0.0">
    <ignored/>
  </testcase> <!-- validateSearchFlightforOnewayTrip -->
</testsuite> <!-- Default test -->
