<?xml version="1.0" encoding="UTF-8"?>
<!-- Generated by org.testng.reporters.JUnitXMLReporter -->
<testsuite ignored="0" hostname="Hameed" failures="0" tests="22" name="Test" time="955.277" errors="0" timestamp="2024-06-12T23:16:37 IST">
  <testcase classname="test.TestExecution" name="validateSignUpFunction" time="3.75"/>
  <testcase classname="test.TestExecution" name="validateSignUpFunction" time="3.825"/>
  <testcase classname="test.TestExecution" name="validateSignUpFunction2" time="2.476"/>
  <testcase classname="test.TestExecution" name="validateSignUpFunction2" time="4.376"/>
  <testcase classname="test.TestExecution" name="validateSignInFunctionUsingPhNoWithValidCredentials" time="41.075"/>
  <testcase classname="test.TestExecution" name="validateSignInFunctionUsingEmailWithValidCredentials" time="81.325"/>
  <testcase classname="test.TestExecution" name="validateSignInFunctionUsingPhNoWithInValidCredentials" time="2.1"/>
  <testcase classname="test.TestExecution" name="validateSignInFunctionUsingEmailWithInValidCredentials" time="81.461"/>
  <testcase classname="test.TestExecution" name="validateSignInFunctionUsingPhNo" time="41.131"/>
  <testcase classname="test.TestExecution" name="validateSignInFunctionUsingPhNo" time="1.95"/>
  <testcase classname="test.TestExecution" name="validateSignInFunctionUsingPhNo" time="1.975"/>
  <testcase classname="test.TestExecution" name="validateSignInFunctionUsingPhNo" time="2.245"/>
  <testcase classname="test.TestExecution" name="validateSignInFunctionUsingEmail" time="81.36"/>
  <testcase classname="test.TestExecution" name="validateSignInFunctionUsingEmail" time="81.288"/>
  <testcase classname="test.TestExecution" name="validateSignInFunctionUsingEmail" time="81.332"/>
  <testcase classname="test.TestExecution" name="validateSignInFunctionUsingEmail" time="81.307"/>
  <testcase classname="test.TestExecution" name="validateFieldsAvailability" time="0.385"/>
  <testcase classname="test.TestExecution" name="validateSearchFlightforOnewayTrip" time="4.764"/>
  <testcase classname="test.TestExecution" name="validateSearchFlightforRoundTrip" time="4.792"/>
  <testcase classname="test.TestExecution" name="validateChooseFlight" time="23.59"/>
  <testcase classname="test.TestExecution" name="validateE2EBookingOneWay" time="81.008"/>
  <testcase classname="test.TestExecution" name="validateE2EBookingRoundTrip" time="57.38"/>
</testsuite> <!-- Test -->
