<?xml version="1.0" encoding="UTF-8"?>
<!-- Generated by org.testng.reporters.JUnitXMLReporter -->
<testsuite ignored="0" hostname="Hameed" failures="0" tests="22" name="Test" time="504.065" errors="0" timestamp="2024-06-12T12:38:29 IST">
  <testcase classname="test_execution_package.TestExecution" name="validateSignUpFunction" time="12.724"/>
  <testcase classname="test_execution_package.TestExecution" name="validateSignUpFunction" time="12.219"/>
  <testcase classname="test_execution_package.TestExecution" name="validateSignUpFunction2" time="0.329"/>
  <testcase classname="test_execution_package.TestExecution" name="validateSignUpFunction2" time="12.285"/>
  <testcase classname="test_execution_package.TestExecution" name="validateSignInFunctionUsingPhNoWithValidCredentials" time="41.188"/>
  <testcase classname="test_execution_package.TestExecution" name="validateSignInFunctionUsingEmailWithValidCredentials" time="41.535"/>
  <testcase classname="test_execution_package.TestExecution" name="validateSignInFunctionUsingPhNoWithInValidCredentials" time="3.021"/>
  <testcase classname="test_execution_package.TestExecution" name="validateSignInFunctionUsingEmailWithInValidCredentials" time="3.683"/>
  <testcase classname="test_execution_package.TestExecution" name="validateSignInFunctionUsingPhNo" time="41.024"/>
  <testcase classname="test_execution_package.TestExecution" name="validateSignInFunctionUsingPhNo" time="2.231"/>
  <testcase classname="test_execution_package.TestExecution" name="validateSignInFunctionUsingPhNo" time="2.515"/>
  <testcase classname="test_execution_package.TestExecution" name="validateSignInFunctionUsingPhNo" time="2.898"/>
  <testcase classname="test_execution_package.TestExecution" name="validateSignInFunctionUsingEmail" time="41.649"/>
  <testcase classname="test_execution_package.TestExecution" name="validateSignInFunctionUsingEmail" time="3.104"/>
  <testcase classname="test_execution_package.TestExecution" name="validateSignInFunctionUsingEmail" time="2.591"/>
  <testcase classname="test_execution_package.TestExecution" name="validateSignInFunctionUsingEmail" time="2.866"/>
  <testcase classname="test_execution_package.TestExecution" name="validateFieldsAvailability" time="0.397"/>
  <testcase classname="test_execution_package.TestExecution" name="validateSearchFlightforOnewayTrip" time="4.005"/>
  <testcase classname="test_execution_package.TestExecution" name="validateSearchFlightforRoundTrip" time="5.484"/>
  <testcase classname="test_execution_package.TestExecution" name="validateChooseFlight" time="8.225"/>
  <testcase classname="test_execution_package.TestExecution" name="registration" time="69.037"/>
  <testcase classname="test_execution_package.TestExecution" name="registration1" time="72.225"/>
</testsuite> <!-- Test -->
