<?xml version="1.0" encoding="UTF-8"?>
<testng-results ignored="0" total="22" passed="22" failed="0" skipped="0">
  <reporter-output>
  </reporter-output>
  <suite started-at="2024-06-12T23:00:42 IST" name="Suite" finished-at="2024-06-12T23:16:37 IST" duration-ms="955277">
    <groups>
    </groups>
    <test started-at="2024-06-12T23:00:42 IST" name="Test" finished-at="2024-06-12T23:16:37 IST" duration-ms="955277">
      <class name="test.TestExecution">
        <test-method is-config="true" signature="startUp()[pri:0, instance:test.TestExecution@15d49048]" started-at="2024-06-12T23:00:43 IST" name="startUp" finished-at="2024-06-12T23:00:58 IST" duration-ms="15374" status="PASS">
          <reporter-output>
          </reporter-output>
        </test-method> <!-- startUp -->
        <test-method signature="validateSignUpFunction(java.lang.String,java.lang.String,java.lang.String,java.lang.String,java.lang.String,java.lang.String,java.lang.String,java.lang.String,java.lang.String,java.lang.String)[pri:1, instance:test.TestExecution@15d49048]" started-at="2024-06-12T23:00:58 IST" name="validateSignUpFunction" data-provider="SignUp function" finished-at="2024-06-12T23:01:02 IST" duration-ms="3750" status="PASS">
          <params>
            <param index="0">
              <value>
                <![CDATA[Mr]]>
              </value>
            </param>
            <param index="1">
              <value>
                <![CDATA[Hameed]]>
              </value>
            </param>
            <param index="2">
              <value>
                <![CDATA[Hussain]]>
              </value>
            </param>
            <param index="3">
              <value>
                <![CDATA[Fiji]]>
              </value>
            </param>
            <param index="4">
              <value>
                <![CDATA[August]]>
              </value>
            </param>
            <param index="5">
              <value>
                <![CDATA[2000]]>
              </value>
            </param>
            <param index="6">
              <value>
                <![CDATA[12]]>
              </value>
            </param>
            <param index="7">
              <value>
                <![CDATA[9879879879]]>
              </value>
            </param>
            <param index="8">
              <value>
                <![CDATA[Hameed@gm.co]]>
              </value>
            </param>
            <param index="9">
              <value>
                <![CDATA[Hameed12@gm.co]]>
              </value>
            </param>
          </params>
          <reporter-output>
          </reporter-output>
        </test-method> <!-- validateSignUpFunction -->
        <test-method is-config="true" signature="tearDown()[pri:0, instance:test.TestExecution@15d49048]" started-at="2024-06-12T23:01:02 IST" name="tearDown" finished-at="2024-06-12T23:01:03 IST" duration-ms="1309" status="PASS">
          <reporter-output>
          </reporter-output>
        </test-method> <!-- tearDown -->
        <test-method is-config="true" signature="startUp()[pri:0, instance:test.TestExecution@15d49048]" started-at="2024-06-12T23:01:03 IST" name="startUp" finished-at="2024-06-12T23:01:11 IST" duration-ms="7878" status="PASS">
          <reporter-output>
          </reporter-output>
        </test-method> <!-- startUp -->
        <test-method signature="validateSignUpFunction(java.lang.String,java.lang.String,java.lang.String,java.lang.String,java.lang.String,java.lang.String,java.lang.String,java.lang.String,java.lang.String,java.lang.String)[pri:1, instance:test.TestExecution@15d49048]" started-at="2024-06-12T23:01:11 IST" name="validateSignUpFunction" data-provider="SignUp function" finished-at="2024-06-12T23:01:15 IST" duration-ms="3825" status="PASS">
          <params>
            <param index="0">
              <value>
                <![CDATA[Mrs]]>
              </value>
            </param>
            <param index="1">
              <value>
                <![CDATA[Guvi]]>
              </value>
            </param>
            <param index="2">
              <value>
                <![CDATA[Geek]]>
              </value>
            </param>
            <param index="3">
              <value>
                <![CDATA[Ecuador]]>
              </value>
            </param>
            <param index="4">
              <value>
                <![CDATA[August]]>
              </value>
            </param>
            <param index="5">
              <value>
                <![CDATA[1993]]>
              </value>
            </param>
            <param index="6">
              <value>
                <![CDATA[15]]>
              </value>
            </param>
            <param index="7">
              <value>
                <![CDATA[6546546546]]>
              </value>
            </param>
            <param index="8">
              <value>
                <![CDATA[Guvi@gm.co]]>
              </value>
            </param>
            <param index="9">
              <value>
                <![CDATA[Guvi100@gm.co]]>
              </value>
            </param>
          </params>
          <reporter-output>
          </reporter-output>
        </test-method> <!-- validateSignUpFunction -->
        <test-method is-config="true" signature="tearDown()[pri:0, instance:test.TestExecution@15d49048]" started-at="2024-06-12T23:01:15 IST" name="tearDown" finished-at="2024-06-12T23:01:17 IST" duration-ms="1797" status="PASS">
          <reporter-output>
          </reporter-output>
        </test-method> <!-- tearDown -->
        <test-method is-config="true" signature="startUp()[pri:0, instance:test.TestExecution@15d49048]" started-at="2024-06-12T23:01:17 IST" name="startUp" finished-at="2024-06-12T23:01:24 IST" duration-ms="6354" status="PASS">
          <reporter-output>
          </reporter-output>
        </test-method> <!-- startUp -->
        <test-method signature="validateSignUpFunction2(java.lang.String,java.lang.String,java.lang.String,java.lang.String,java.lang.String,java.lang.String,java.lang.String,java.lang.String,java.lang.String,java.lang.String)[pri:2, instance:test.TestExecution@15d49048]" started-at="2024-06-12T23:01:24 IST" name="validateSignUpFunction2" data-provider="SignUp function" finished-at="2024-06-12T23:01:26 IST" duration-ms="2476" status="PASS">
          <params>
            <param index="0">
              <value>
                <![CDATA[Mr]]>
              </value>
            </param>
            <param index="1">
              <value>
                <![CDATA[Hameed]]>
              </value>
            </param>
            <param index="2">
              <value>
                <![CDATA[Hussain]]>
              </value>
            </param>
            <param index="3">
              <value>
                <![CDATA[Fiji]]>
              </value>
            </param>
            <param index="4">
              <value>
                <![CDATA[August]]>
              </value>
            </param>
            <param index="5">
              <value>
                <![CDATA[2000]]>
              </value>
            </param>
            <param index="6">
              <value>
                <![CDATA[12]]>
              </value>
            </param>
            <param index="7">
              <value>
                <![CDATA[9879879879]]>
              </value>
            </param>
            <param index="8">
              <value>
                <![CDATA[Hameed@gm.co]]>
              </value>
            </param>
            <param index="9">
              <value>
                <![CDATA[Hameed12@gm.co]]>
              </value>
            </param>
          </params>
          <reporter-output>
          </reporter-output>
        </test-method> <!-- validateSignUpFunction2 -->
        <test-method is-config="true" signature="tearDown()[pri:0, instance:test.TestExecution@15d49048]" started-at="2024-06-12T23:01:26 IST" name="tearDown" finished-at="2024-06-12T23:01:27 IST" duration-ms="1036" status="PASS">
          <reporter-output>
          </reporter-output>
        </test-method> <!-- tearDown -->
        <test-method is-config="true" signature="startUp()[pri:0, instance:test.TestExecution@15d49048]" started-at="2024-06-12T23:01:27 IST" name="startUp" finished-at="2024-06-12T23:01:44 IST" duration-ms="16754" status="PASS">
          <reporter-output>
          </reporter-output>
        </test-method> <!-- startUp -->
        <test-method signature="validateSignUpFunction2(java.lang.String,java.lang.String,java.lang.String,java.lang.String,java.lang.String,java.lang.String,java.lang.String,java.lang.String,java.lang.String,java.lang.String)[pri:2, instance:test.TestExecution@15d49048]" started-at="2024-06-12T23:01:44 IST" name="validateSignUpFunction2" data-provider="SignUp function" finished-at="2024-06-12T23:01:48 IST" duration-ms="4376" status="PASS">
          <params>
            <param index="0">
              <value>
                <![CDATA[Mrs]]>
              </value>
            </param>
            <param index="1">
              <value>
                <![CDATA[Guvi]]>
              </value>
            </param>
            <param index="2">
              <value>
                <![CDATA[Geek]]>
              </value>
            </param>
            <param index="3">
              <value>
                <![CDATA[Ecuador]]>
              </value>
            </param>
            <param index="4">
              <value>
                <![CDATA[August]]>
              </value>
            </param>
            <param index="5">
              <value>
                <![CDATA[1993]]>
              </value>
            </param>
            <param index="6">
              <value>
                <![CDATA[15]]>
              </value>
            </param>
            <param index="7">
              <value>
                <![CDATA[6546546546]]>
              </value>
            </param>
            <param index="8">
              <value>
                <![CDATA[Guvi@gm.co]]>
              </value>
            </param>
            <param index="9">
              <value>
                <![CDATA[Guvi100@gm.co]]>
              </value>
            </param>
          </params>
          <reporter-output>
          </reporter-output>
        </test-method> <!-- validateSignUpFunction2 -->
        <test-method is-config="true" signature="tearDown()[pri:0, instance:test.TestExecution@15d49048]" started-at="2024-06-12T23:01:48 IST" name="tearDown" finished-at="2024-06-12T23:01:49 IST" duration-ms="895" status="PASS">
          <reporter-output>
          </reporter-output>
        </test-method> <!-- tearDown -->
        <test-method is-config="true" signature="startUp()[pri:0, instance:test.TestExecution@15d49048]" started-at="2024-06-12T23:01:49 IST" name="startUp" finished-at="2024-06-12T23:01:55 IST" duration-ms="5843" status="PASS">
          <reporter-output>
          </reporter-output>
        </test-method> <!-- startUp -->
        <test-method signature="validateSignInFunctionUsingPhNoWithValidCredentials(java.lang.String,java.lang.String)[pri:3, instance:test.TestExecution@15d49048]" started-at="2024-06-12T23:01:55 IST" name="validateSignInFunctionUsingPhNoWithValidCredentials" finished-at="2024-06-12T23:02:36 IST" duration-ms="41075" status="PASS">
          <params>
            <param index="0">
              <value>
                <![CDATA[9363573335]]>
              </value>
            </param>
            <param index="1">
              <value>
                <![CDATA[Hameed@12]]>
              </value>
            </param>
          </params>
          <reporter-output>
          </reporter-output>
        </test-method> <!-- validateSignInFunctionUsingPhNoWithValidCredentials -->
        <test-method is-config="true" signature="tearDown()[pri:0, instance:test.TestExecution@15d49048]" started-at="2024-06-12T23:02:36 IST" name="tearDown" finished-at="2024-06-12T23:02:37 IST" duration-ms="844" status="PASS">
          <reporter-output>
          </reporter-output>
        </test-method> <!-- tearDown -->
        <test-method is-config="true" signature="startUp()[pri:0, instance:test.TestExecution@15d49048]" started-at="2024-06-12T23:02:37 IST" name="startUp" finished-at="2024-06-12T23:02:44 IST" duration-ms="6888" status="PASS">
          <reporter-output>
          </reporter-output>
        </test-method> <!-- startUp -->
        <test-method signature="validateSignInFunctionUsingEmailWithValidCredentials(java.lang.String,java.lang.String)[pri:4, instance:test.TestExecution@15d49048]" started-at="2024-06-12T23:02:44 IST" name="validateSignInFunctionUsingEmailWithValidCredentials" finished-at="2024-06-12T23:04:05 IST" duration-ms="81325" status="PASS">
          <params>
            <param index="0">
              <value>
                <![CDATA[testingmehameed@gmail.com]]>
              </value>
            </param>
            <param index="1">
              <value>
                <![CDATA[Hameed@12]]>
              </value>
            </param>
          </params>
          <reporter-output>
          </reporter-output>
        </test-method> <!-- validateSignInFunctionUsingEmailWithValidCredentials -->
        <test-method is-config="true" signature="tearDown()[pri:0, instance:test.TestExecution@15d49048]" started-at="2024-06-12T23:04:05 IST" name="tearDown" finished-at="2024-06-12T23:04:06 IST" duration-ms="853" status="PASS">
          <reporter-output>
          </reporter-output>
        </test-method> <!-- tearDown -->
        <test-method is-config="true" signature="startUp()[pri:0, instance:test.TestExecution@15d49048]" started-at="2024-06-12T23:04:06 IST" name="startUp" finished-at="2024-06-12T23:04:12 IST" duration-ms="6185" status="PASS">
          <reporter-output>
          </reporter-output>
        </test-method> <!-- startUp -->
        <test-method signature="validateSignInFunctionUsingPhNoWithInValidCredentials(java.lang.String,java.lang.String)[pri:5, instance:test.TestExecution@15d49048]" started-at="2024-06-12T23:04:12 IST" name="validateSignInFunctionUsingPhNoWithInValidCredentials" finished-at="2024-06-12T23:04:14 IST" duration-ms="2100" status="PASS">
          <params>
            <param index="0">
              <value>
                <![CDATA[9677160111]]>
              </value>
            </param>
            <param index="1">
              <value>
                <![CDATA[Hameed123]]>
              </value>
            </param>
          </params>
          <reporter-output>
          </reporter-output>
        </test-method> <!-- validateSignInFunctionUsingPhNoWithInValidCredentials -->
        <test-method is-config="true" signature="tearDown()[pri:0, instance:test.TestExecution@15d49048]" started-at="2024-06-12T23:04:14 IST" name="tearDown" finished-at="2024-06-12T23:04:15 IST" duration-ms="993" status="PASS">
          <reporter-output>
          </reporter-output>
        </test-method> <!-- tearDown -->
        <test-method is-config="true" signature="startUp()[pri:0, instance:test.TestExecution@15d49048]" started-at="2024-06-12T23:04:15 IST" name="startUp" finished-at="2024-06-12T23:04:21 IST" duration-ms="5588" status="PASS">
          <reporter-output>
          </reporter-output>
        </test-method> <!-- startUp -->
        <test-method signature="validateSignInFunctionUsingEmailWithInValidCredentials(java.lang.String,java.lang.String)[pri:6, instance:test.TestExecution@15d49048]" started-at="2024-06-12T23:04:21 IST" name="validateSignInFunctionUsingEmailWithInValidCredentials" finished-at="2024-06-12T23:05:42 IST" duration-ms="81461" status="PASS">
          <params>
            <param index="0">
              <value>
                <![CDATA[testinghameed@gmail.com]]>
              </value>
            </param>
            <param index="1">
              <value>
                <![CDATA[Hameed123]]>
              </value>
            </param>
          </params>
          <reporter-output>
          </reporter-output>
        </test-method> <!-- validateSignInFunctionUsingEmailWithInValidCredentials -->
        <test-method is-config="true" signature="tearDown()[pri:0, instance:test.TestExecution@15d49048]" started-at="2024-06-12T23:05:42 IST" name="tearDown" finished-at="2024-06-12T23:05:43 IST" duration-ms="938" status="PASS">
          <reporter-output>
          </reporter-output>
        </test-method> <!-- tearDown -->
        <test-method is-config="true" signature="startUp()[pri:0, instance:test.TestExecution@15d49048]" started-at="2024-06-12T23:05:44 IST" name="startUp" finished-at="2024-06-12T23:05:52 IST" duration-ms="8583" status="PASS">
          <reporter-output>
          </reporter-output>
        </test-method> <!-- startUp -->
        <test-method signature="validateSignInFunctionUsingPhNo(java.lang.String,java.lang.String,java.lang.String)[pri:7, instance:test.TestExecution@15d49048]" started-at="2024-06-12T23:05:52 IST" name="validateSignInFunctionUsingPhNo" data-provider="SignIn with Phone No" finished-at="2024-06-12T23:06:33 IST" duration-ms="41131" status="PASS">
          <params>
            <param index="0">
              <value>
                <![CDATA[Validating with Valid UserName(Phone No) and Valid Password]]>
              </value>
            </param>
            <param index="1">
              <value>
                <![CDATA[9363573335]]>
              </value>
            </param>
            <param index="2">
              <value>
                <![CDATA[Hameed@12]]>
              </value>
            </param>
          </params>
          <reporter-output>
          </reporter-output>
        </test-method> <!-- validateSignInFunctionUsingPhNo -->
        <test-method is-config="true" signature="tearDown()[pri:0, instance:test.TestExecution@15d49048]" started-at="2024-06-12T23:06:33 IST" name="tearDown" finished-at="2024-06-12T23:06:34 IST" duration-ms="1056" status="PASS">
          <reporter-output>
          </reporter-output>
        </test-method> <!-- tearDown -->
        <test-method is-config="true" signature="startUp()[pri:0, instance:test.TestExecution@15d49048]" started-at="2024-06-12T23:06:34 IST" name="startUp" finished-at="2024-06-12T23:06:41 IST" duration-ms="6217" status="PASS">
          <reporter-output>
          </reporter-output>
        </test-method> <!-- startUp -->
        <test-method signature="validateSignInFunctionUsingPhNo(java.lang.String,java.lang.String,java.lang.String)[pri:7, instance:test.TestExecution@15d49048]" started-at="2024-06-12T23:06:41 IST" name="validateSignInFunctionUsingPhNo" data-provider="SignIn with Phone No" finished-at="2024-06-12T23:06:42 IST" duration-ms="1950" status="PASS">
          <params>
            <param index="0">
              <value>
                <![CDATA[Validating with Valid UserName(Phone No)  and InValid Password]]>
              </value>
            </param>
            <param index="1">
              <value>
                <![CDATA[9363573335]]>
              </value>
            </param>
            <param index="2">
              <value>
                <![CDATA[Hameed@13]]>
              </value>
            </param>
          </params>
          <reporter-output>
          </reporter-output>
        </test-method> <!-- validateSignInFunctionUsingPhNo -->
        <test-method is-config="true" signature="tearDown()[pri:0, instance:test.TestExecution@15d49048]" started-at="2024-06-12T23:06:42 IST" name="tearDown" finished-at="2024-06-12T23:06:43 IST" duration-ms="860" status="PASS">
          <reporter-output>
          </reporter-output>
        </test-method> <!-- tearDown -->
        <test-method is-config="true" signature="startUp()[pri:0, instance:test.TestExecution@15d49048]" started-at="2024-06-12T23:06:43 IST" name="startUp" finished-at="2024-06-12T23:06:49 IST" duration-ms="6000" status="PASS">
          <reporter-output>
          </reporter-output>
        </test-method> <!-- startUp -->
        <test-method signature="validateSignInFunctionUsingPhNo(java.lang.String,java.lang.String,java.lang.String)[pri:7, instance:test.TestExecution@15d49048]" started-at="2024-06-12T23:06:49 IST" name="validateSignInFunctionUsingPhNo" data-provider="SignIn with Phone No" finished-at="2024-06-12T23:06:51 IST" duration-ms="1975" status="PASS">
          <params>
            <param index="0">
              <value>
                <![CDATA[Validating with InValid UserName(Phone No)  and Valid Password]]>
              </value>
            </param>
            <param index="1">
              <value>
                <![CDATA[9363575333]]>
              </value>
            </param>
            <param index="2">
              <value>
                <![CDATA[Hameed@12]]>
              </value>
            </param>
          </params>
          <reporter-output>
          </reporter-output>
        </test-method> <!-- validateSignInFunctionUsingPhNo -->
        <test-method is-config="true" signature="tearDown()[pri:0, instance:test.TestExecution@15d49048]" started-at="2024-06-12T23:06:51 IST" name="tearDown" finished-at="2024-06-12T23:06:52 IST" duration-ms="853" status="PASS">
          <reporter-output>
          </reporter-output>
        </test-method> <!-- tearDown -->
        <test-method is-config="true" signature="startUp()[pri:0, instance:test.TestExecution@15d49048]" started-at="2024-06-12T23:06:52 IST" name="startUp" finished-at="2024-06-12T23:07:03 IST" duration-ms="10930" status="PASS">
          <reporter-output>
          </reporter-output>
        </test-method> <!-- startUp -->
        <test-method signature="validateSignInFunctionUsingPhNo(java.lang.String,java.lang.String,java.lang.String)[pri:7, instance:test.TestExecution@15d49048]" started-at="2024-06-12T23:07:03 IST" name="validateSignInFunctionUsingPhNo" data-provider="SignIn with Phone No" finished-at="2024-06-12T23:07:05 IST" duration-ms="2245" status="PASS">
          <params>
            <param index="0">
              <value>
                <![CDATA[Validating with InValid UserName(Phone No)  and InValid Password]]>
              </value>
            </param>
            <param index="1">
              <value>
                <![CDATA[9363573355]]>
              </value>
            </param>
            <param index="2">
              <value>
                <![CDATA[Hameed@15]]>
              </value>
            </param>
          </params>
          <reporter-output>
          </reporter-output>
        </test-method> <!-- validateSignInFunctionUsingPhNo -->
        <test-method is-config="true" signature="tearDown()[pri:0, instance:test.TestExecution@15d49048]" started-at="2024-06-12T23:07:05 IST" name="tearDown" finished-at="2024-06-12T23:07:07 IST" duration-ms="1752" status="PASS">
          <reporter-output>
          </reporter-output>
        </test-method> <!-- tearDown -->
        <test-method is-config="true" signature="startUp()[pri:0, instance:test.TestExecution@15d49048]" started-at="2024-06-12T23:07:07 IST" name="startUp" finished-at="2024-06-12T23:07:16 IST" duration-ms="8881" status="PASS">
          <reporter-output>
          </reporter-output>
        </test-method> <!-- startUp -->
        <test-method signature="validateSignInFunctionUsingEmail(java.lang.String,java.lang.String,java.lang.String)[pri:8, instance:test.TestExecution@15d49048]" started-at="2024-06-12T23:07:16 IST" name="validateSignInFunctionUsingEmail" data-provider="SignIn with Email" finished-at="2024-06-12T23:08:38 IST" duration-ms="81360" status="PASS">
          <params>
            <param index="0">
              <value>
                <![CDATA[Validating with Valid UserName(Email) and Valid Password]]>
              </value>
            </param>
            <param index="1">
              <value>
                <![CDATA[Testingmehameed@gmail.com]]>
              </value>
            </param>
            <param index="2">
              <value>
                <![CDATA[Hameed@12]]>
              </value>
            </param>
          </params>
          <reporter-output>
          </reporter-output>
        </test-method> <!-- validateSignInFunctionUsingEmail -->
        <test-method is-config="true" signature="tearDown()[pri:0, instance:test.TestExecution@15d49048]" started-at="2024-06-12T23:08:38 IST" name="tearDown" finished-at="2024-06-12T23:08:38 IST" duration-ms="935" status="PASS">
          <reporter-output>
          </reporter-output>
        </test-method> <!-- tearDown -->
        <test-method is-config="true" signature="startUp()[pri:0, instance:test.TestExecution@15d49048]" started-at="2024-06-12T23:08:39 IST" name="startUp" finished-at="2024-06-12T23:08:45 IST" duration-ms="6103" status="PASS">
          <reporter-output>
          </reporter-output>
        </test-method> <!-- startUp -->
        <test-method signature="validateSignInFunctionUsingEmail(java.lang.String,java.lang.String,java.lang.String)[pri:8, instance:test.TestExecution@15d49048]" started-at="2024-06-12T23:08:45 IST" name="validateSignInFunctionUsingEmail" data-provider="SignIn with Email" finished-at="2024-06-12T23:10:06 IST" duration-ms="81288" status="PASS">
          <params>
            <param index="0">
              <value>
                <![CDATA[Validating with Valid UserName(Email) and InValid Password]]>
              </value>
            </param>
            <param index="1">
              <value>
                <![CDATA[Testingmehameed@gmail.com]]>
              </value>
            </param>
            <param index="2">
              <value>
                <![CDATA[Hameed@13]]>
              </value>
            </param>
          </params>
          <reporter-output>
          </reporter-output>
        </test-method> <!-- validateSignInFunctionUsingEmail -->
        <test-method is-config="true" signature="tearDown()[pri:0, instance:test.TestExecution@15d49048]" started-at="2024-06-12T23:10:06 IST" name="tearDown" finished-at="2024-06-12T23:10:07 IST" duration-ms="962" status="PASS">
          <reporter-output>
          </reporter-output>
        </test-method> <!-- tearDown -->
        <test-method is-config="true" signature="startUp()[pri:0, instance:test.TestExecution@15d49048]" started-at="2024-06-12T23:10:07 IST" name="startUp" finished-at="2024-06-12T23:10:12 IST" duration-ms="5490" status="PASS">
          <reporter-output>
          </reporter-output>
        </test-method> <!-- startUp -->
        <test-method signature="validateSignInFunctionUsingEmail(java.lang.String,java.lang.String,java.lang.String)[pri:8, instance:test.TestExecution@15d49048]" started-at="2024-06-12T23:10:12 IST" name="validateSignInFunctionUsingEmail" data-provider="SignIn with Email" finished-at="2024-06-12T23:11:34 IST" duration-ms="81332" status="PASS">
          <params>
            <param index="0">
              <value>
                <![CDATA[Validating with InValid UserName(Email) and Valid Password]]>
              </value>
            </param>
            <param index="1">
              <value>
                <![CDATA[Testinghameed@gmail.com]]>
              </value>
            </param>
            <param index="2">
              <value>
                <![CDATA[Hameed@12]]>
              </value>
            </param>
          </params>
          <reporter-output>
          </reporter-output>
        </test-method> <!-- validateSignInFunctionUsingEmail -->
        <test-method is-config="true" signature="tearDown()[pri:0, instance:test.TestExecution@15d49048]" started-at="2024-06-12T23:11:34 IST" name="tearDown" finished-at="2024-06-12T23:11:35 IST" duration-ms="849" status="PASS">
          <reporter-output>
          </reporter-output>
        </test-method> <!-- tearDown -->
        <test-method is-config="true" signature="startUp()[pri:0, instance:test.TestExecution@15d49048]" started-at="2024-06-12T23:11:35 IST" name="startUp" finished-at="2024-06-12T23:11:42 IST" duration-ms="7111" status="PASS">
          <reporter-output>
          </reporter-output>
        </test-method> <!-- startUp -->
        <test-method signature="validateSignInFunctionUsingEmail(java.lang.String,java.lang.String,java.lang.String)[pri:8, instance:test.TestExecution@15d49048]" started-at="2024-06-12T23:11:42 IST" name="validateSignInFunctionUsingEmail" data-provider="SignIn with Email" finished-at="2024-06-12T23:13:03 IST" duration-ms="81307" status="PASS">
          <params>
            <param index="0">
              <value>
                <![CDATA[Validating with InValid UserName(Email) and InValid Password]]>
              </value>
            </param>
            <param index="1">
              <value>
                <![CDATA[Testinghameed@gmail.com]]>
              </value>
            </param>
            <param index="2">
              <value>
                <![CDATA[Hameed@15]]>
              </value>
            </param>
          </params>
          <reporter-output>
          </reporter-output>
        </test-method> <!-- validateSignInFunctionUsingEmail -->
        <test-method is-config="true" signature="tearDown()[pri:0, instance:test.TestExecution@15d49048]" started-at="2024-06-12T23:13:03 IST" name="tearDown" finished-at="2024-06-12T23:13:04 IST" duration-ms="890" status="PASS">
          <reporter-output>
          </reporter-output>
        </test-method> <!-- tearDown -->
        <test-method is-config="true" signature="startUp()[pri:0, instance:test.TestExecution@15d49048]" started-at="2024-06-12T23:13:04 IST" name="startUp" finished-at="2024-06-12T23:13:10 IST" duration-ms="6321" status="PASS">
          <reporter-output>
          </reporter-output>
        </test-method> <!-- startUp -->
        <test-method signature="validateFieldsAvailability()[pri:9, instance:test.TestExecution@15d49048]" started-at="2024-06-12T23:13:10 IST" name="validateFieldsAvailability" finished-at="2024-06-12T23:13:11 IST" duration-ms="385" status="PASS">
          <reporter-output>
          </reporter-output>
        </test-method> <!-- validateFieldsAvailability -->
        <test-method is-config="true" signature="tearDown()[pri:0, instance:test.TestExecution@15d49048]" started-at="2024-06-12T23:13:11 IST" name="tearDown" finished-at="2024-06-12T23:13:11 IST" duration-ms="854" status="PASS">
          <reporter-output>
          </reporter-output>
        </test-method> <!-- tearDown -->
        <test-method is-config="true" signature="startUp()[pri:0, instance:test.TestExecution@15d49048]" started-at="2024-06-12T23:13:11 IST" name="startUp" finished-at="2024-06-12T23:13:17 IST" duration-ms="5795" status="PASS">
          <reporter-output>
          </reporter-output>
        </test-method> <!-- startUp -->
        <test-method signature="validateSearchFlightforOnewayTrip()[pri:10, instance:test.TestExecution@15d49048]" started-at="2024-06-12T23:13:17 IST" name="validateSearchFlightforOnewayTrip" finished-at="2024-06-12T23:13:22 IST" duration-ms="4764" status="PASS">
          <reporter-output>
          </reporter-output>
        </test-method> <!-- validateSearchFlightforOnewayTrip -->
        <test-method is-config="true" signature="tearDown()[pri:0, instance:test.TestExecution@15d49048]" started-at="2024-06-12T23:13:22 IST" name="tearDown" finished-at="2024-06-12T23:13:23 IST" duration-ms="1053" status="PASS">
          <reporter-output>
          </reporter-output>
        </test-method> <!-- tearDown -->
        <test-method is-config="true" signature="startUp()[pri:0, instance:test.TestExecution@15d49048]" started-at="2024-06-12T23:13:23 IST" name="startUp" finished-at="2024-06-12T23:13:28 IST" duration-ms="5462" status="PASS">
          <reporter-output>
          </reporter-output>
        </test-method> <!-- startUp -->
        <test-method signature="validateSearchFlightforRoundTrip()[pri:11, instance:test.TestExecution@15d49048]" started-at="2024-06-12T23:13:28 IST" name="validateSearchFlightforRoundTrip" finished-at="2024-06-12T23:13:33 IST" duration-ms="4792" status="PASS">
          <reporter-output>
          </reporter-output>
        </test-method> <!-- validateSearchFlightforRoundTrip -->
        <test-method is-config="true" signature="tearDown()[pri:0, instance:test.TestExecution@15d49048]" started-at="2024-06-12T23:13:33 IST" name="tearDown" finished-at="2024-06-12T23:13:34 IST" duration-ms="912" status="PASS">
          <reporter-output>
          </reporter-output>
        </test-method> <!-- tearDown -->
        <test-method is-config="true" signature="startUp()[pri:0, instance:test.TestExecution@15d49048]" started-at="2024-06-12T23:13:34 IST" name="startUp" finished-at="2024-06-12T23:13:40 IST" duration-ms="5711" status="PASS">
          <reporter-output>
          </reporter-output>
        </test-method> <!-- startUp -->
        <test-method signature="validateChooseFlight()[pri:12, instance:test.TestExecution@15d49048]" started-at="2024-06-12T23:13:40 IST" name="validateChooseFlight" finished-at="2024-06-12T23:14:03 IST" duration-ms="23590" status="PASS">
          <reporter-output>
          </reporter-output>
        </test-method> <!-- validateChooseFlight -->
        <test-method is-config="true" signature="tearDown()[pri:0, instance:test.TestExecution@15d49048]" started-at="2024-06-12T23:14:03 IST" name="tearDown" finished-at="2024-06-12T23:14:04 IST" duration-ms="923" status="PASS">
          <reporter-output>
          </reporter-output>
        </test-method> <!-- tearDown -->
        <test-method is-config="true" signature="startUp()[pri:0, instance:test.TestExecution@15d49048]" started-at="2024-06-12T23:14:04 IST" name="startUp" finished-at="2024-06-12T23:14:10 IST" duration-ms="5926" status="PASS">
          <reporter-output>
          </reporter-output>
        </test-method> <!-- startUp -->
        <test-method signature="validateE2EBookingOneWay(java.lang.String,java.lang.String,java.lang.String,java.lang.String,java.lang.String,java.lang.String,java.lang.String,java.lang.String,java.lang.String,java.lang.String,java.lang.String,java.lang.String,java.lang.String,java.lang.String)[pri:13, instance:test.TestExecution@15d49048]" started-at="2024-06-12T23:14:10 IST" name="validateE2EBookingOneWay" data-provider="Booking Details" finished-at="2024-06-12T23:15:31 IST" duration-ms="81008" status="PASS">
          <params>
            <param index="0">
              <value>
                <![CDATA[Hameed]]>
              </value>
            </param>
            <param index="1">
              <value>
                <![CDATA[Hussain]]>
              </value>
            </param>
            <param index="2">
              <value>
                <![CDATA[9879879879]]>
              </value>
            </param>
            <param index="3">
              <value>
                <![CDATA[Hameed@gm.co]]>
              </value>
            </param>
            <param index="4">
              <value>
                <![CDATA[Chennai]]>
              </value>
            </param>
            <param index="5">
              <value>
                <![CDATA[Guvi]]>
              </value>
            </param>
            <param index="6">
              <value>
                <![CDATA[Geek]]>
              </value>
            </param>
            <param index="7">
              <value>
                <![CDATA[9551231008]]>
              </value>
            </param>
            <param index="8">
              <value>
                <![CDATA[Qatar]]>
              </value>
            </param>
            <param index="9">
              <value>
                <![CDATA[2222405343248877]]>
              </value>
            </param>
            <param index="10">
              <value>
                <![CDATA[Guvi Geek]]>
              </value>
            </param>
            <param index="11">
              <value>
                <![CDATA[11]]>
              </value>
            </param>
            <param index="12">
              <value>
                <![CDATA[26]]>
              </value>
            </param>
            <param index="13">
              <value>
                <![CDATA[582]]>
              </value>
            </param>
          </params>
          <reporter-output>
          </reporter-output>
        </test-method> <!-- validateE2EBookingOneWay -->
        <test-method is-config="true" signature="tearDown()[pri:0, instance:test.TestExecution@15d49048]" started-at="2024-06-12T23:15:31 IST" name="tearDown" finished-at="2024-06-12T23:15:32 IST" duration-ms="1053" status="PASS">
          <reporter-output>
          </reporter-output>
        </test-method> <!-- tearDown -->
        <test-method is-config="true" signature="startUp()[pri:0, instance:test.TestExecution@15d49048]" started-at="2024-06-12T23:15:33 IST" name="startUp" finished-at="2024-06-12T23:15:39 IST" duration-ms="6221" status="PASS">
          <reporter-output>
          </reporter-output>
        </test-method> <!-- startUp -->
        <test-method signature="validateE2EBookingRoundTrip(java.lang.String,java.lang.String,java.lang.String,java.lang.String,java.lang.String,java.lang.String,java.lang.String,java.lang.String,java.lang.String,java.lang.String,java.lang.String,java.lang.String,java.lang.String,java.lang.String)[pri:14, instance:test.TestExecution@15d49048]" started-at="2024-06-12T23:15:39 IST" name="validateE2EBookingRoundTrip" data-provider="Booking Details" finished-at="2024-06-12T23:16:36 IST" duration-ms="57380" status="PASS">
          <params>
            <param index="0">
              <value>
                <![CDATA[Hameed]]>
              </value>
            </param>
            <param index="1">
              <value>
                <![CDATA[Hussain]]>
              </value>
            </param>
            <param index="2">
              <value>
                <![CDATA[9879879879]]>
              </value>
            </param>
            <param index="3">
              <value>
                <![CDATA[Hameed@gm.co]]>
              </value>
            </param>
            <param index="4">
              <value>
                <![CDATA[Chennai]]>
              </value>
            </param>
            <param index="5">
              <value>
                <![CDATA[Guvi]]>
              </value>
            </param>
            <param index="6">
              <value>
                <![CDATA[Geek]]>
              </value>
            </param>
            <param index="7">
              <value>
                <![CDATA[9551231008]]>
              </value>
            </param>
            <param index="8">
              <value>
                <![CDATA[Qatar]]>
              </value>
            </param>
            <param index="9">
              <value>
                <![CDATA[2222405343248877]]>
              </value>
            </param>
            <param index="10">
              <value>
                <![CDATA[Guvi Geek]]>
              </value>
            </param>
            <param index="11">
              <value>
                <![CDATA[11]]>
              </value>
            </param>
            <param index="12">
              <value>
                <![CDATA[26]]>
              </value>
            </param>
            <param index="13">
              <value>
                <![CDATA[582]]>
              </value>
            </param>
          </params>
          <reporter-output>
          </reporter-output>
        </test-method> <!-- validateE2EBookingRoundTrip -->
        <test-method is-config="true" signature="tearDown()[pri:0, instance:test.TestExecution@15d49048]" started-at="2024-06-12T23:16:36 IST" name="tearDown" finished-at="2024-06-12T23:16:37 IST" duration-ms="993" status="PASS">
          <reporter-output>
          </reporter-output>
        </test-method> <!-- tearDown -->
      </class> <!-- test.TestExecution -->
    </test> <!-- Test -->
  </suite> <!-- Suite -->
</testng-results>
