<?xml version="1.0" encoding="UTF-8"?>
<testng-results ignored="0" total="22" passed="22" failed="0" skipped="0">
  <reporter-output>
  </reporter-output>
  <suite started-at="2024-06-12T12:30:05 IST" name="Suite" finished-at="2024-06-12T12:38:29 IST" duration-ms="504065">
    <groups>
    </groups>
    <test started-at="2024-06-12T12:30:05 IST" name="Test" finished-at="2024-06-12T12:38:29 IST" duration-ms="504065">
      <class name="test_execution_package.TestExecution">
        <test-method is-config="true" signature="startUp()[pri:0, instance:test_execution_package.TestExecution@385c9627]" started-at="2024-06-12T12:30:06 IST" name="startUp" finished-at="2024-06-12T12:30:13 IST" duration-ms="6243" status="PASS">
          <reporter-output>
          </reporter-output>
        </test-method> <!-- startUp -->
        <test-method signature="validateSignUpFunction(java.lang.String,java.lang.String,java.lang.String,java.lang.String,java.lang.String,java.lang.String,java.lang.String,java.lang.String,java.lang.String,java.lang.String)[pri:1, instance:test_execution_package.TestExecution@385c9627]" started-at="2024-06-12T12:30:13 IST" name="validateSignUpFunction" data-provider="SignUp function" finished-at="2024-06-12T12:30:25 IST" duration-ms="12724" status="PASS">
          <params>
            <param index="0">
              <value>
                <![CDATA[Mr]]>
              </value>
            </param>
            <param index="1">
              <value>
                <![CDATA[Hameed]]>
              </value>
            </param>
            <param index="2">
              <value>
                <![CDATA[Hussain]]>
              </value>
            </param>
            <param index="3">
              <value>
                <![CDATA[Fiji]]>
              </value>
            </param>
            <param index="4">
              <value>
                <![CDATA[August]]>
              </value>
            </param>
            <param index="5">
              <value>
                <![CDATA[2000]]>
              </value>
            </param>
            <param index="6">
              <value>
                <![CDATA[12]]>
              </value>
            </param>
            <param index="7">
              <value>
                <![CDATA[9879879879]]>
              </value>
            </param>
            <param index="8">
              <value>
                <![CDATA[Hameed@gm.co]]>
              </value>
            </param>
            <param index="9">
              <value>
                <![CDATA[Hameed12@gm.co]]>
              </value>
            </param>
          </params>
          <reporter-output>
          </reporter-output>
        </test-method> <!-- validateSignUpFunction -->
        <test-method is-config="true" signature="startUp()[pri:0, instance:test_execution_package.TestExecution@385c9627]" started-at="2024-06-12T12:30:25 IST" name="startUp" finished-at="2024-06-12T12:30:31 IST" duration-ms="5172" status="PASS">
          <reporter-output>
          </reporter-output>
        </test-method> <!-- startUp -->
        <test-method signature="validateSignUpFunction(java.lang.String,java.lang.String,java.lang.String,java.lang.String,java.lang.String,java.lang.String,java.lang.String,java.lang.String,java.lang.String,java.lang.String)[pri:1, instance:test_execution_package.TestExecution@385c9627]" started-at="2024-06-12T12:30:31 IST" name="validateSignUpFunction" data-provider="SignUp function" finished-at="2024-06-12T12:30:43 IST" duration-ms="12219" status="PASS">
          <params>
            <param index="0">
              <value>
                <![CDATA[Mrs]]>
              </value>
            </param>
            <param index="1">
              <value>
                <![CDATA[Guvi]]>
              </value>
            </param>
            <param index="2">
              <value>
                <![CDATA[Geek]]>
              </value>
            </param>
            <param index="3">
              <value>
                <![CDATA[Ecuador]]>
              </value>
            </param>
            <param index="4">
              <value>
                <![CDATA[August]]>
              </value>
            </param>
            <param index="5">
              <value>
                <![CDATA[1993]]>
              </value>
            </param>
            <param index="6">
              <value>
                <![CDATA[15]]>
              </value>
            </param>
            <param index="7">
              <value>
                <![CDATA[6546546546]]>
              </value>
            </param>
            <param index="8">
              <value>
                <![CDATA[Guvi@gm.co]]>
              </value>
            </param>
            <param index="9">
              <value>
                <![CDATA[Guvi100@gm.co]]>
              </value>
            </param>
          </params>
          <reporter-output>
          </reporter-output>
        </test-method> <!-- validateSignUpFunction -->
        <test-method is-config="true" signature="startUp()[pri:0, instance:test_execution_package.TestExecution@385c9627]" started-at="2024-06-12T12:30:43 IST" name="startUp" finished-at="2024-06-12T12:30:50 IST" duration-ms="6435" status="PASS">
          <reporter-output>
          </reporter-output>
        </test-method> <!-- startUp -->
        <test-method signature="validateSignUpFunction2(java.lang.String,java.lang.String,java.lang.String,java.lang.String,java.lang.String,java.lang.String,java.lang.String,java.lang.String,java.lang.String,java.lang.String)[pri:2, instance:test_execution_package.TestExecution@385c9627]" started-at="2024-06-12T12:30:50 IST" name="validateSignUpFunction2" data-provider="SignUp function" finished-at="2024-06-12T12:30:50 IST" duration-ms="329" status="PASS">
          <params>
            <param index="0">
              <value>
                <![CDATA[Mr]]>
              </value>
            </param>
            <param index="1">
              <value>
                <![CDATA[Hameed]]>
              </value>
            </param>
            <param index="2">
              <value>
                <![CDATA[Hussain]]>
              </value>
            </param>
            <param index="3">
              <value>
                <![CDATA[Fiji]]>
              </value>
            </param>
            <param index="4">
              <value>
                <![CDATA[August]]>
              </value>
            </param>
            <param index="5">
              <value>
                <![CDATA[2000]]>
              </value>
            </param>
            <param index="6">
              <value>
                <![CDATA[12]]>
              </value>
            </param>
            <param index="7">
              <value>
                <![CDATA[9879879879]]>
              </value>
            </param>
            <param index="8">
              <value>
                <![CDATA[Hameed@gm.co]]>
              </value>
            </param>
            <param index="9">
              <value>
                <![CDATA[Hameed12@gm.co]]>
              </value>
            </param>
          </params>
          <reporter-output>
          </reporter-output>
        </test-method> <!-- validateSignUpFunction2 -->
        <test-method is-config="true" signature="startUp()[pri:0, instance:test_execution_package.TestExecution@385c9627]" started-at="2024-06-12T12:30:50 IST" name="startUp" finished-at="2024-06-12T12:30:55 IST" duration-ms="5433" status="PASS">
          <reporter-output>
          </reporter-output>
        </test-method> <!-- startUp -->
        <test-method signature="validateSignUpFunction2(java.lang.String,java.lang.String,java.lang.String,java.lang.String,java.lang.String,java.lang.String,java.lang.String,java.lang.String,java.lang.String,java.lang.String)[pri:2, instance:test_execution_package.TestExecution@385c9627]" started-at="2024-06-12T12:30:55 IST" name="validateSignUpFunction2" data-provider="SignUp function" finished-at="2024-06-12T12:31:08 IST" duration-ms="12285" status="PASS">
          <params>
            <param index="0">
              <value>
                <![CDATA[Mrs]]>
              </value>
            </param>
            <param index="1">
              <value>
                <![CDATA[Guvi]]>
              </value>
            </param>
            <param index="2">
              <value>
                <![CDATA[Geek]]>
              </value>
            </param>
            <param index="3">
              <value>
                <![CDATA[Ecuador]]>
              </value>
            </param>
            <param index="4">
              <value>
                <![CDATA[August]]>
              </value>
            </param>
            <param index="5">
              <value>
                <![CDATA[1993]]>
              </value>
            </param>
            <param index="6">
              <value>
                <![CDATA[15]]>
              </value>
            </param>
            <param index="7">
              <value>
                <![CDATA[6546546546]]>
              </value>
            </param>
            <param index="8">
              <value>
                <![CDATA[Guvi@gm.co]]>
              </value>
            </param>
            <param index="9">
              <value>
                <![CDATA[Guvi100@gm.co]]>
              </value>
            </param>
          </params>
          <reporter-output>
          </reporter-output>
        </test-method> <!-- validateSignUpFunction2 -->
        <test-method is-config="true" signature="startUp()[pri:0, instance:test_execution_package.TestExecution@385c9627]" started-at="2024-06-12T12:31:08 IST" name="startUp" finished-at="2024-06-12T12:31:14 IST" duration-ms="6701" status="PASS">
          <reporter-output>
          </reporter-output>
        </test-method> <!-- startUp -->
        <test-method signature="validateSignInFunctionUsingPhNoWithValidCredentials(java.lang.String,java.lang.String)[pri:3, instance:test_execution_package.TestExecution@385c9627]" started-at="2024-06-12T12:31:14 IST" name="validateSignInFunctionUsingPhNoWithValidCredentials" finished-at="2024-06-12T12:31:55 IST" duration-ms="41188" status="PASS">
          <params>
            <param index="0">
              <value>
                <![CDATA[9363573335]]>
              </value>
            </param>
            <param index="1">
              <value>
                <![CDATA[Hameed@12]]>
              </value>
            </param>
          </params>
          <reporter-output>
          </reporter-output>
        </test-method> <!-- validateSignInFunctionUsingPhNoWithValidCredentials -->
        <test-method is-config="true" signature="startUp()[pri:0, instance:test_execution_package.TestExecution@385c9627]" started-at="2024-06-12T12:31:55 IST" name="startUp" finished-at="2024-06-12T12:32:00 IST" duration-ms="4797" status="PASS">
          <reporter-output>
          </reporter-output>
        </test-method> <!-- startUp -->
        <test-method signature="validateSignInFunctionUsingEmailWithValidCredentials(java.lang.String,java.lang.String)[pri:4, instance:test_execution_package.TestExecution@385c9627]" started-at="2024-06-12T12:32:00 IST" name="validateSignInFunctionUsingEmailWithValidCredentials" finished-at="2024-06-12T12:32:42 IST" duration-ms="41535" status="PASS">
          <params>
            <param index="0">
              <value>
                <![CDATA[testingmehameed@gmail.com]]>
              </value>
            </param>
            <param index="1">
              <value>
                <![CDATA[Hameed@12]]>
              </value>
            </param>
          </params>
          <reporter-output>
          </reporter-output>
        </test-method> <!-- validateSignInFunctionUsingEmailWithValidCredentials -->
        <test-method is-config="true" signature="startUp()[pri:0, instance:test_execution_package.TestExecution@385c9627]" started-at="2024-06-12T12:32:42 IST" name="startUp" finished-at="2024-06-12T12:32:47 IST" duration-ms="4916" status="PASS">
          <reporter-output>
          </reporter-output>
        </test-method> <!-- startUp -->
        <test-method signature="validateSignInFunctionUsingPhNoWithInValidCredentials(java.lang.String,java.lang.String)[pri:5, instance:test_execution_package.TestExecution@385c9627]" started-at="2024-06-12T12:32:47 IST" name="validateSignInFunctionUsingPhNoWithInValidCredentials" finished-at="2024-06-12T12:32:50 IST" duration-ms="3021" status="PASS">
          <params>
            <param index="0">
              <value>
                <![CDATA[9677160111]]>
              </value>
            </param>
            <param index="1">
              <value>
                <![CDATA[Hameed123]]>
              </value>
            </param>
          </params>
          <reporter-output>
          </reporter-output>
        </test-method> <!-- validateSignInFunctionUsingPhNoWithInValidCredentials -->
        <test-method is-config="true" signature="startUp()[pri:0, instance:test_execution_package.TestExecution@385c9627]" started-at="2024-06-12T12:32:50 IST" name="startUp" finished-at="2024-06-12T12:32:55 IST" duration-ms="4865" status="PASS">
          <reporter-output>
          </reporter-output>
        </test-method> <!-- startUp -->
        <test-method signature="validateSignInFunctionUsingEmailWithInValidCredentials(java.lang.String,java.lang.String)[pri:6, instance:test_execution_package.TestExecution@385c9627]" started-at="2024-06-12T12:32:55 IST" name="validateSignInFunctionUsingEmailWithInValidCredentials" finished-at="2024-06-12T12:32:58 IST" duration-ms="3683" status="PASS">
          <params>
            <param index="0">
              <value>
                <![CDATA[testinghameed@gmail.com]]>
              </value>
            </param>
            <param index="1">
              <value>
                <![CDATA[Hameed123]]>
              </value>
            </param>
          </params>
          <reporter-output>
          </reporter-output>
        </test-method> <!-- validateSignInFunctionUsingEmailWithInValidCredentials -->
        <test-method is-config="true" signature="startUp()[pri:0, instance:test_execution_package.TestExecution@385c9627]" started-at="2024-06-12T12:32:59 IST" name="startUp" finished-at="2024-06-12T12:33:04 IST" duration-ms="5172" status="PASS">
          <reporter-output>
          </reporter-output>
        </test-method> <!-- startUp -->
        <test-method signature="validateSignInFunctionUsingPhNo(java.lang.String,java.lang.String,java.lang.String)[pri:7, instance:test_execution_package.TestExecution@385c9627]" started-at="2024-06-12T12:33:04 IST" name="validateSignInFunctionUsingPhNo" data-provider="SignIn with Phone No" finished-at="2024-06-12T12:33:45 IST" duration-ms="41024" status="PASS">
          <params>
            <param index="0">
              <value>
                <![CDATA[Validating with Valid UserName(Phone No) and Valid Password]]>
              </value>
            </param>
            <param index="1">
              <value>
                <![CDATA[9363573335]]>
              </value>
            </param>
            <param index="2">
              <value>
                <![CDATA[Hameed@12]]>
              </value>
            </param>
          </params>
          <reporter-output>
          </reporter-output>
        </test-method> <!-- validateSignInFunctionUsingPhNo -->
        <test-method is-config="true" signature="startUp()[pri:0, instance:test_execution_package.TestExecution@385c9627]" started-at="2024-06-12T12:33:45 IST" name="startUp" finished-at="2024-06-12T12:33:50 IST" duration-ms="5063" status="PASS">
          <reporter-output>
          </reporter-output>
        </test-method> <!-- startUp -->
        <test-method signature="validateSignInFunctionUsingPhNo(java.lang.String,java.lang.String,java.lang.String)[pri:7, instance:test_execution_package.TestExecution@385c9627]" started-at="2024-06-12T12:33:50 IST" name="validateSignInFunctionUsingPhNo" data-provider="SignIn with Phone No" finished-at="2024-06-12T12:33:52 IST" duration-ms="2231" status="PASS">
          <params>
            <param index="0">
              <value>
                <![CDATA[Validating with Valid UserName(Phone No)  and InValid Password]]>
              </value>
            </param>
            <param index="1">
              <value>
                <![CDATA[9363573335]]>
              </value>
            </param>
            <param index="2">
              <value>
                <![CDATA[Hameed@13]]>
              </value>
            </param>
          </params>
          <reporter-output>
          </reporter-output>
        </test-method> <!-- validateSignInFunctionUsingPhNo -->
        <test-method is-config="true" signature="startUp()[pri:0, instance:test_execution_package.TestExecution@385c9627]" started-at="2024-06-12T12:33:52 IST" name="startUp" finished-at="2024-06-12T12:33:57 IST" duration-ms="5158" status="PASS">
          <reporter-output>
          </reporter-output>
        </test-method> <!-- startUp -->
        <test-method signature="validateSignInFunctionUsingPhNo(java.lang.String,java.lang.String,java.lang.String)[pri:7, instance:test_execution_package.TestExecution@385c9627]" started-at="2024-06-12T12:33:57 IST" name="validateSignInFunctionUsingPhNo" data-provider="SignIn with Phone No" finished-at="2024-06-12T12:34:00 IST" duration-ms="2515" status="PASS">
          <params>
            <param index="0">
              <value>
                <![CDATA[Validating with InValid UserName(Phone No)  and Valid Password]]>
              </value>
            </param>
            <param index="1">
              <value>
                <![CDATA[9363575333]]>
              </value>
            </param>
            <param index="2">
              <value>
                <![CDATA[Hameed@12]]>
              </value>
            </param>
          </params>
          <reporter-output>
          </reporter-output>
        </test-method> <!-- validateSignInFunctionUsingPhNo -->
        <test-method is-config="true" signature="startUp()[pri:0, instance:test_execution_package.TestExecution@385c9627]" started-at="2024-06-12T12:34:00 IST" name="startUp" finished-at="2024-06-12T12:34:05 IST" duration-ms="5535" status="PASS">
          <reporter-output>
          </reporter-output>
        </test-method> <!-- startUp -->
        <test-method signature="validateSignInFunctionUsingPhNo(java.lang.String,java.lang.String,java.lang.String)[pri:7, instance:test_execution_package.TestExecution@385c9627]" started-at="2024-06-12T12:34:05 IST" name="validateSignInFunctionUsingPhNo" data-provider="SignIn with Phone No" finished-at="2024-06-12T12:34:08 IST" duration-ms="2898" status="PASS">
          <params>
            <param index="0">
              <value>
                <![CDATA[Validating with InValid UserName(Phone No)  and InValid Password]]>
              </value>
            </param>
            <param index="1">
              <value>
                <![CDATA[9363573355]]>
              </value>
            </param>
            <param index="2">
              <value>
                <![CDATA[Hameed@15]]>
              </value>
            </param>
          </params>
          <reporter-output>
          </reporter-output>
        </test-method> <!-- validateSignInFunctionUsingPhNo -->
        <test-method is-config="true" signature="startUp()[pri:0, instance:test_execution_package.TestExecution@385c9627]" started-at="2024-06-12T12:34:08 IST" name="startUp" finished-at="2024-06-12T12:34:15 IST" duration-ms="6456" status="PASS">
          <reporter-output>
          </reporter-output>
        </test-method> <!-- startUp -->
        <test-method signature="validateSignInFunctionUsingEmail(java.lang.String,java.lang.String,java.lang.String)[pri:8, instance:test_execution_package.TestExecution@385c9627]" started-at="2024-06-12T12:34:15 IST" name="validateSignInFunctionUsingEmail" data-provider="SignIn with Email" finished-at="2024-06-12T12:34:57 IST" duration-ms="41649" status="PASS">
          <params>
            <param index="0">
              <value>
                <![CDATA[Validating with Valid UserName(Email) and Valid Password]]>
              </value>
            </param>
            <param index="1">
              <value>
                <![CDATA[Testingmehameed@gmail.com]]>
              </value>
            </param>
            <param index="2">
              <value>
                <![CDATA[Hameed@12]]>
              </value>
            </param>
          </params>
          <reporter-output>
          </reporter-output>
        </test-method> <!-- validateSignInFunctionUsingEmail -->
        <test-method is-config="true" signature="startUp()[pri:0, instance:test_execution_package.TestExecution@385c9627]" started-at="2024-06-12T12:34:57 IST" name="startUp" finished-at="2024-06-12T12:35:01 IST" duration-ms="4836" status="PASS">
          <reporter-output>
          </reporter-output>
        </test-method> <!-- startUp -->
        <test-method signature="validateSignInFunctionUsingEmail(java.lang.String,java.lang.String,java.lang.String)[pri:8, instance:test_execution_package.TestExecution@385c9627]" started-at="2024-06-12T12:35:01 IST" name="validateSignInFunctionUsingEmail" data-provider="SignIn with Email" finished-at="2024-06-12T12:35:05 IST" duration-ms="3104" status="PASS">
          <params>
            <param index="0">
              <value>
                <![CDATA[Validating with Valid UserName(Email) and InValid Password]]>
              </value>
            </param>
            <param index="1">
              <value>
                <![CDATA[Testingmehameed@gmail.com]]>
              </value>
            </param>
            <param index="2">
              <value>
                <![CDATA[Hameed@13]]>
              </value>
            </param>
          </params>
          <reporter-output>
          </reporter-output>
        </test-method> <!-- validateSignInFunctionUsingEmail -->
        <test-method is-config="true" signature="startUp()[pri:0, instance:test_execution_package.TestExecution@385c9627]" started-at="2024-06-12T12:35:05 IST" name="startUp" finished-at="2024-06-12T12:35:10 IST" duration-ms="5477" status="PASS">
          <reporter-output>
          </reporter-output>
        </test-method> <!-- startUp -->
        <test-method signature="validateSignInFunctionUsingEmail(java.lang.String,java.lang.String,java.lang.String)[pri:8, instance:test_execution_package.TestExecution@385c9627]" started-at="2024-06-12T12:35:10 IST" name="validateSignInFunctionUsingEmail" data-provider="SignIn with Email" finished-at="2024-06-12T12:35:13 IST" duration-ms="2591" status="PASS">
          <params>
            <param index="0">
              <value>
                <![CDATA[Validating with InValid UserName(Email) and Valid Password]]>
              </value>
            </param>
            <param index="1">
              <value>
                <![CDATA[Testinghameed@gmail.com]]>
              </value>
            </param>
            <param index="2">
              <value>
                <![CDATA[Hameed@12]]>
              </value>
            </param>
          </params>
          <reporter-output>
          </reporter-output>
        </test-method> <!-- validateSignInFunctionUsingEmail -->
        <test-method is-config="true" signature="startUp()[pri:0, instance:test_execution_package.TestExecution@385c9627]" started-at="2024-06-12T12:35:13 IST" name="startUp" finished-at="2024-06-12T12:35:17 IST" duration-ms="4721" status="PASS">
          <reporter-output>
          </reporter-output>
        </test-method> <!-- startUp -->
        <test-method signature="validateSignInFunctionUsingEmail(java.lang.String,java.lang.String,java.lang.String)[pri:8, instance:test_execution_package.TestExecution@385c9627]" started-at="2024-06-12T12:35:17 IST" name="validateSignInFunctionUsingEmail" data-provider="SignIn with Email" finished-at="2024-06-12T12:35:20 IST" duration-ms="2866" status="PASS">
          <params>
            <param index="0">
              <value>
                <![CDATA[Validating with InValid UserName(Email) and InValid Password]]>
              </value>
            </param>
            <param index="1">
              <value>
                <![CDATA[Testinghameed@gmail.com]]>
              </value>
            </param>
            <param index="2">
              <value>
                <![CDATA[Hameed@15]]>
              </value>
            </param>
          </params>
          <reporter-output>
          </reporter-output>
        </test-method> <!-- validateSignInFunctionUsingEmail -->
        <test-method is-config="true" signature="startUp()[pri:0, instance:test_execution_package.TestExecution@385c9627]" started-at="2024-06-12T12:35:20 IST" name="startUp" finished-at="2024-06-12T12:35:25 IST" duration-ms="5001" status="PASS">
          <reporter-output>
          </reporter-output>
        </test-method> <!-- startUp -->
        <test-method signature="validateFieldsAvailability()[pri:9, instance:test_execution_package.TestExecution@385c9627]" started-at="2024-06-12T12:35:25 IST" name="validateFieldsAvailability" finished-at="2024-06-12T12:35:26 IST" duration-ms="397" status="PASS">
          <reporter-output>
          </reporter-output>
        </test-method> <!-- validateFieldsAvailability -->
        <test-method is-config="true" signature="startUp()[pri:0, instance:test_execution_package.TestExecution@385c9627]" started-at="2024-06-12T12:35:26 IST" name="startUp" finished-at="2024-06-12T12:35:30 IST" duration-ms="4324" status="PASS">
          <reporter-output>
          </reporter-output>
        </test-method> <!-- startUp -->
        <test-method signature="validateSearchFlightforOnewayTrip()[pri:10, instance:test_execution_package.TestExecution@385c9627]" started-at="2024-06-12T12:35:30 IST" name="validateSearchFlightforOnewayTrip" finished-at="2024-06-12T12:35:34 IST" duration-ms="4005" status="PASS">
          <reporter-output>
          </reporter-output>
        </test-method> <!-- validateSearchFlightforOnewayTrip -->
        <test-method is-config="true" signature="startUp()[pri:0, instance:test_execution_package.TestExecution@385c9627]" started-at="2024-06-12T12:35:34 IST" name="startUp" finished-at="2024-06-12T12:35:39 IST" duration-ms="4609" status="PASS">
          <reporter-output>
          </reporter-output>
        </test-method> <!-- startUp -->
        <test-method signature="validateSearchFlightforRoundTrip()[pri:11, instance:test_execution_package.TestExecution@385c9627]" started-at="2024-06-12T12:35:39 IST" name="validateSearchFlightforRoundTrip" finished-at="2024-06-12T12:35:44 IST" duration-ms="5484" status="PASS">
          <reporter-output>
          </reporter-output>
        </test-method> <!-- validateSearchFlightforRoundTrip -->
        <test-method is-config="true" signature="startUp()[pri:0, instance:test_execution_package.TestExecution@385c9627]" started-at="2024-06-12T12:35:44 IST" name="startUp" finished-at="2024-06-12T12:35:49 IST" duration-ms="4960" status="PASS">
          <reporter-output>
          </reporter-output>
        </test-method> <!-- startUp -->
        <test-method signature="validateChooseFlight()[pri:12, instance:test_execution_package.TestExecution@385c9627]" started-at="2024-06-12T12:35:49 IST" name="validateChooseFlight" finished-at="2024-06-12T12:35:57 IST" duration-ms="8225" status="PASS">
          <reporter-output>
          </reporter-output>
        </test-method> <!-- validateChooseFlight -->
        <test-method is-config="true" signature="startUp()[pri:0, instance:test_execution_package.TestExecution@385c9627]" started-at="2024-06-12T12:35:57 IST" name="startUp" finished-at="2024-06-12T12:36:02 IST" duration-ms="4920" status="PASS">
          <reporter-output>
          </reporter-output>
        </test-method> <!-- startUp -->
        <test-method signature="registration(java.lang.String,java.lang.String,java.lang.String,java.lang.String,java.lang.String,java.lang.String,java.lang.String,java.lang.String,java.lang.String,java.lang.String,java.lang.String,java.lang.String,java.lang.String,java.lang.String)[pri:13, instance:test_execution_package.TestExecution@385c9627]" started-at="2024-06-12T12:36:02 IST" name="registration" data-provider="Booking Details" finished-at="2024-06-12T12:37:11 IST" duration-ms="69037" status="PASS">
          <params>
            <param index="0">
              <value>
                <![CDATA[Hameed]]>
              </value>
            </param>
            <param index="1">
              <value>
                <![CDATA[Hussain]]>
              </value>
            </param>
            <param index="2">
              <value>
                <![CDATA[9879879879]]>
              </value>
            </param>
            <param index="3">
              <value>
                <![CDATA[Hameed@gm.co]]>
              </value>
            </param>
            <param index="4">
              <value>
                <![CDATA[Chennai]]>
              </value>
            </param>
            <param index="5">
              <value>
                <![CDATA[Guvi]]>
              </value>
            </param>
            <param index="6">
              <value>
                <![CDATA[Geek]]>
              </value>
            </param>
            <param index="7">
              <value>
                <![CDATA[9551231008]]>
              </value>
            </param>
            <param index="8">
              <value>
                <![CDATA[Fiji]]>
              </value>
            </param>
            <param index="9">
              <value>
                <![CDATA[2222405343248877]]>
              </value>
            </param>
            <param index="10">
              <value>
                <![CDATA[Guvi Geek]]>
              </value>
            </param>
            <param index="11">
              <value>
                <![CDATA[11]]>
              </value>
            </param>
            <param index="12">
              <value>
                <![CDATA[26]]>
              </value>
            </param>
            <param index="13">
              <value>
                <![CDATA[582]]>
              </value>
            </param>
          </params>
          <reporter-output>
          </reporter-output>
        </test-method> <!-- registration -->
        <test-method is-config="true" signature="startUp()[pri:0, instance:test_execution_package.TestExecution@385c9627]" started-at="2024-06-12T12:37:11 IST" name="startUp" finished-at="2024-06-12T12:37:17 IST" duration-ms="5715" status="PASS">
          <reporter-output>
          </reporter-output>
        </test-method> <!-- startUp -->
        <test-method signature="registration1(java.lang.String,java.lang.String,java.lang.String,java.lang.String,java.lang.String,java.lang.String,java.lang.String,java.lang.String,java.lang.String,java.lang.String,java.lang.String,java.lang.String,java.lang.String,java.lang.String)[pri:14, instance:test_execution_package.TestExecution@385c9627]" started-at="2024-06-12T12:37:17 IST" name="registration1" data-provider="Booking Details" finished-at="2024-06-12T12:38:29 IST" duration-ms="72225" status="PASS">
          <params>
            <param index="0">
              <value>
                <![CDATA[Hameed]]>
              </value>
            </param>
            <param index="1">
              <value>
                <![CDATA[Hussain]]>
              </value>
            </param>
            <param index="2">
              <value>
                <![CDATA[9879879879]]>
              </value>
            </param>
            <param index="3">
              <value>
                <![CDATA[Hameed@gm.co]]>
              </value>
            </param>
            <param index="4">
              <value>
                <![CDATA[Chennai]]>
              </value>
            </param>
            <param index="5">
              <value>
                <![CDATA[Guvi]]>
              </value>
            </param>
            <param index="6">
              <value>
                <![CDATA[Geek]]>
              </value>
            </param>
            <param index="7">
              <value>
                <![CDATA[9551231008]]>
              </value>
            </param>
            <param index="8">
              <value>
                <![CDATA[Fiji]]>
              </value>
            </param>
            <param index="9">
              <value>
                <![CDATA[2222405343248877]]>
              </value>
            </param>
            <param index="10">
              <value>
                <![CDATA[Guvi Geek]]>
              </value>
            </param>
            <param index="11">
              <value>
                <![CDATA[11]]>
              </value>
            </param>
            <param index="12">
              <value>
                <![CDATA[26]]>
              </value>
            </param>
            <param index="13">
              <value>
                <![CDATA[582]]>
              </value>
            </param>
          </params>
          <reporter-output>
          </reporter-output>
        </test-method> <!-- registration1 -->
      </class> <!-- test_execution_package.TestExecution -->
    </test> <!-- Test -->
  </suite> <!-- Suite -->
</testng-results>
